<?xml version="1.0" encoding="UTF-8"?>
<!-- Generated by org.testng.reporters.JUnitReportReporter -->
<testsuite skipped="0" hostname="WIN-GEDESCREUP8" name="TESTS.Selenium_Jenkins_Integration" tests="1" failures="0" timestamp="18 Feb 2018 20:19:15 GMT" time="8.398" errors="0">
  <testcase name="test" time="8.398" classname="TESTS.Selenium_Jenkins_Integration"/>
</testsuite> <!-- TESTS.Selenium_Jenkins_Integration -->
